#-----------------------------------------------------------
# Vivado v2020.2 (64-bit)
# SW Build 3064766 on Wed Nov 18 09:12:45 MST 2020
# IP Build 3064653 on Wed Nov 18 14:17:31 MST 2020
# Start of session at: Sun Jan 14 09:45:02 2024
# Process ID: 13300
# Current directory: C:/Users/Jalal/Desktop/N-bit-Multiplier
# Command line: vivado.exe -gui_launcher_event rodinguilauncherevent11760 C:\Users\Jalal\Desktop\N-bit-Multiplier\N-bit_multiplier.xpr
# Log file: C:/Users/Jalal/Desktop/N-bit-Multiplier/vivado.log
# Journal file: C:/Users/Jalal/Desktop/N-bit-Multiplier\vivado.jou
#-----------------------------------------------------------
start_gui
open_project C:/Users/Jalal/Desktop/N-bit-Multiplier/N-bit_multiplier.xpr
INFO: [Project 1-313] Project file moved from 'C:/Users/aa409t/Desktop/FPGA intern/N-bit_multiplier' since last save.
Scanning sources...
Finished scanning sources
INFO: [IP_Flow 19-234] Refreshing IP repositories
INFO: [IP_Flow 19-1704] No user IP repositories specified
INFO: [IP_Flow 19-2313] Loaded Vivado IP repository 'C:/Xilinx/Vivado/2020.2/data/ip'.
open_project: Time (s): cpu = 00:00:15 ; elapsed = 00:00:06 . Memory (MB): peak = 1111.938 ; gain = 0.000
export_ip_user_files -of_objects  [get_files C:/Users/Jalal/Desktop/N-bit-Multiplier/N-bit_multiplier.srcs/sources_1/new/multiplier_nbits.vhd] -no_script -reset -force -quiet
remove_files  C:/Users/Jalal/Desktop/N-bit-Multiplier/N-bit_multiplier.srcs/sources_1/new/multiplier_nbits.vhd
file delete -force C:/Users/Jalal/Desktop/N-bit-Multiplier/N-bit_multiplier.srcs/sources_1/new/multiplier_nbits.vhd
set_property SOURCE_SET sources_1 [get_filesets sim_3]
close [ open C:/Users/Jalal/Desktop/N-bit-Multiplier/N-bit_multiplier.srcs/sim_3/new/multiplier_nbits_tb.vhd w ]
add_files -fileset sim_3 C:/Users/Jalal/Desktop/N-bit-Multiplier/N-bit_multiplier.srcs/sim_3/new/multiplier_nbits_tb.vhd
export_ip_user_files -of_objects  [get_files C:/Users/Jalal/Desktop/N-bit-Multiplier/N-bit_multiplier.srcs/sim_3/new/multiplier_nbits_tb.vhd] -no_script -reset -force -quiet
remove_files  -fileset sim_3 C:/Users/Jalal/Desktop/N-bit-Multiplier/N-bit_multiplier.srcs/sim_3/new/multiplier_nbits_tb.vhd
file delete -force C:/Users/Jalal/Desktop/N-bit-Multiplier/N-bit_multiplier.srcs/sim_3/new/multiplier_nbits_tb.vhd
create_fileset -simset sim_5
file mkdir C:/Users/Jalal/Desktop/N-bit-Multiplier/N-bit_multiplier.srcs/sim_5/new
set_property SOURCE_SET sources_1 [get_filesets sim_5]
close [ open C:/Users/Jalal/Desktop/N-bit-Multiplier/N-bit_multiplier.srcs/sim_5/new/multiplier_nbits_tb.vhd w ]
add_files -fileset sim_5 C:/Users/Jalal/Desktop/N-bit-Multiplier/N-bit_multiplier.srcs/sim_5/new/multiplier_nbits_tb.vhd
current_fileset -simset [ get_filesets sim_5 ]
export_ip_user_files -of_objects  [get_files C:/Users/Jalal/Desktop/N-bit-Multiplier/N-bit_multiplier.srcs/sim_5/new/multiplier_nbits_tb.vhd] -no_script -reset -force -quiet
remove_files  -fileset sim_5 C:/Users/Jalal/Desktop/N-bit-Multiplier/N-bit_multiplier.srcs/sim_5/new/multiplier_nbits_tb.vhd
file delete -force C:/Users/Jalal/Desktop/N-bit-Multiplier/N-bit_multiplier.srcs/sim_5/new/multiplier_nbits_tb.vhd
export_ip_user_files -of_objects  [get_files C:/Users/Jalal/Desktop/N-bit-Multiplier/N-bit_multiplier.srcs/sources_1/new/multiplier_hardcoded.vhd] -no_script -reset -force -quiet
remove_files  C:/Users/Jalal/Desktop/N-bit-Multiplier/N-bit_multiplier.srcs/sources_1/new/multiplier_hardcoded.vhd
export_ip_user_files -of_objects  [get_files C:/Users/Jalal/Desktop/N-bit-Multiplier/N-bit_multiplier.srcs/sources_1/bd/design_1/design_1.bd] -no_script -reset -force -quiet
remove_files  C:/Users/Jalal/Desktop/N-bit-Multiplier/N-bit_multiplier.srcs/sources_1/bd/design_1/design_1.bd
file delete -force C:/Users/Jalal/Desktop/N-bit-Multiplier/N-bit_multiplier.srcs/sources_1/bd/design_1
file delete -force c:/Users/Jalal/Desktop/N-bit-Multiplier/N-bit_multiplier.gen/sources_1/bd/design_1
set_property SOURCE_SET sources_1 [get_filesets sim_5]
close [ open C:/Users/Jalal/Desktop/N-bit-Multiplier/N-bit_multiplier.srcs/sim_5/new/multiplier_nbits_tb.vhd w ]
add_files -fileset sim_5 C:/Users/Jalal/Desktop/N-bit-Multiplier/N-bit_multiplier.srcs/sim_5/new/multiplier_nbits_tb.vhd
WARNING: [filemgmt 56-199] Attempt to get parsing info during refresh. "On-the-fly" syntax checking information may be incorrect. [C:\Users\Jalal\Desktop\N-bit-Multiplier\N-bit_multiplier.srcs\sim_5\new\multiplier_nbits_tb.vhd:]
WARNING: [filemgmt 56-199] Attempt to get parsing info during refresh. "On-the-fly" syntax checking information may be incorrect. [C:\Users\Jalal\Desktop\N-bit-Multiplier\N-bit_multiplier.srcs\sources_1\new\multiply_new.vhd:]
WARNING: [filemgmt 56-199] Attempt to get parsing info during refresh. "On-the-fly" syntax checking information may be incorrect. [C:\Users\Jalal\Desktop\N-bit-Multiplier\N-bit_multiplier.srcs\sources_1\new\multiplier_nbits.vhd:]
ERROR: [Common 17-180] Spawn failed: No such file or directory
WARNING: [filemgmt 56-199] Attempt to get parsing info during refresh. "On-the-fly" syntax checking information may be incorrect. [C:\Users\Jalal\Desktop\N-bit-Multiplier\N-bit_multiplier.srcs\sim_5\new\multiplier_nbits_tb.vhd:]
WARNING: [filemgmt 56-199] Attempt to get parsing info during refresh. "On-the-fly" syntax checking information may be incorrect. [C:\Users\Jalal\Desktop\N-bit-Multiplier\N-bit_multiplier.srcs\sources_1\new\multiply_new.vhd:]
WARNING: [filemgmt 56-199] Attempt to get parsing info during refresh. "On-the-fly" syntax checking information may be incorrect. [C:\Users\Jalal\Desktop\N-bit-Multiplier\N-bit_multiplier.srcs\sources_1\new\multiplier_nbits.vhd:]
WARNING: [filemgmt 56-199] Attempt to get parsing info during refresh. "On-the-fly" syntax checking information may be incorrect. [C:\Users\Jalal\Desktop\N-bit-Multiplier\N-bit_multiplier.srcs\sim_5\new\multiplier_nbits_tb.vhd:]
WARNING: [filemgmt 56-199] Attempt to get parsing info during refresh. "On-the-fly" syntax checking information may be incorrect. [C:\Users\Jalal\Desktop\N-bit-Multiplier\N-bit_multiplier.srcs\sources_1\new\multiply_new.vhd:]
WARNING: [filemgmt 56-199] Attempt to get parsing info during refresh. "On-the-fly" syntax checking information may be incorrect. [C:\Users\Jalal\Desktop\N-bit-Multiplier\N-bit_multiplier.srcs\sources_1\new\multiplier_nbits.vhd:]
ERROR: [Common 17-180] Spawn failed: No such file or directory
WARNING: [filemgmt 56-199] Attempt to get parsing info during refresh. "On-the-fly" syntax checking information may be incorrect. [C:\Users\Jalal\Desktop\N-bit-Multiplier\N-bit_multiplier.srcs\sim_5\new\multiplier_nbits_tb.vhd:]
WARNING: [filemgmt 56-199] Attempt to get parsing info during refresh. "On-the-fly" syntax checking information may be incorrect. [C:\Users\Jalal\Desktop\N-bit-Multiplier\N-bit_multiplier.srcs\sources_1\new\multiply_new.vhd:]
WARNING: [filemgmt 56-199] Attempt to get parsing info during refresh. "On-the-fly" syntax checking information may be incorrect. [C:\Users\Jalal\Desktop\N-bit-Multiplier\N-bit_multiplier.srcs\sources_1\new\multiplier_nbits.vhd:]
ERROR: [Common 17-180] Spawn failed: No such file or directory
WARNING: [filemgmt 56-199] Attempt to get parsing info during refresh. "On-the-fly" syntax checking information may be incorrect. [C:\Users\Jalal\Desktop\N-bit-Multiplier\N-bit_multiplier.srcs\sim_5\new\multiplier_nbits_tb.vhd:]
WARNING: [filemgmt 56-199] Attempt to get parsing info during refresh. "On-the-fly" syntax checking information may be incorrect. [C:\Users\Jalal\Desktop\N-bit-Multiplier\N-bit_multiplier.srcs\sources_1\new\multiply_new.vhd:]
WARNING: [filemgmt 56-199] Attempt to get parsing info during refresh. "On-the-fly" syntax checking information may be incorrect. [C:\Users\Jalal\Desktop\N-bit-Multiplier\N-bit_multiplier.srcs\sources_1\new\multiplier_nbits.vhd:]
ERROR: [Common 17-180] Spawn failed: No such file or directory
WARNING: [filemgmt 56-199] Attempt to get parsing info during refresh. "On-the-fly" syntax checking information may be incorrect. [C:\Users\Jalal\Desktop\N-bit-Multiplier\N-bit_multiplier.srcs\sim_5\new\multiplier_nbits_tb.vhd:]
WARNING: [filemgmt 56-199] Attempt to get parsing info during refresh. "On-the-fly" syntax checking information may be incorrect. [C:\Users\Jalal\Desktop\N-bit-Multiplier\N-bit_multiplier.srcs\sources_1\new\multiply_new.vhd:]
WARNING: [filemgmt 56-199] Attempt to get parsing info during refresh. "On-the-fly" syntax checking information may be incorrect. [C:\Users\Jalal\Desktop\N-bit-Multiplier\N-bit_multiplier.srcs\sources_1\new\multiplier_nbits.vhd:]
ERROR: [Common 17-180] Spawn failed: No such file or directory
WARNING: [filemgmt 56-199] Attempt to get parsing info during refresh. "On-the-fly" syntax checking information may be incorrect. [C:\Users\Jalal\Desktop\N-bit-Multiplier\N-bit_multiplier.srcs\sim_5\new\multiplier_nbits_tb.vhd:]
WARNING: [filemgmt 56-199] Attempt to get parsing info during refresh. "On-the-fly" syntax checking information may be incorrect. [C:\Users\Jalal\Desktop\N-bit-Multiplier\N-bit_multiplier.srcs\sources_1\new\multiply_new.vhd:]
WARNING: [filemgmt 56-199] Attempt to get parsing info during refresh. "On-the-fly" syntax checking information may be incorrect. [C:\Users\Jalal\Desktop\N-bit-Multiplier\N-bit_multiplier.srcs\sources_1\new\multiplier_nbits.vhd:]
ERROR: [Common 17-180] Spawn failed: No such file or directory
WARNING: [filemgmt 56-199] Attempt to get parsing info during refresh. "On-the-fly" syntax checking information may be incorrect. [C:\Users\Jalal\Desktop\N-bit-Multiplier\N-bit_multiplier.srcs\sim_5\new\multiplier_nbits_tb.vhd:]
WARNING: [filemgmt 56-199] Attempt to get parsing info during refresh. "On-the-fly" syntax checking information may be incorrect. [C:\Users\Jalal\Desktop\N-bit-Multiplier\N-bit_multiplier.srcs\sources_1\new\multiply_new.vhd:]
WARNING: [filemgmt 56-199] Attempt to get parsing info during refresh. "On-the-fly" syntax checking information may be incorrect. [C:\Users\Jalal\Desktop\N-bit-Multiplier\N-bit_multiplier.srcs\sources_1\new\multiplier_nbits.vhd:]
ERROR: [Common 17-180] Spawn failed: No such file or directory
WARNING: [filemgmt 56-199] Attempt to get parsing info during refresh. "On-the-fly" syntax checking information may be incorrect. [C:\Users\Jalal\Desktop\N-bit-Multiplier\N-bit_multiplier.srcs\sim_5\new\multiplier_nbits_tb.vhd:]
WARNING: [filemgmt 56-199] Attempt to get parsing info during refresh. "On-the-fly" syntax checking information may be incorrect. [C:\Users\Jalal\Desktop\N-bit-Multiplier\N-bit_multiplier.srcs\sources_1\new\multiply_new.vhd:]
WARNING: [filemgmt 56-199] Attempt to get parsing info during refresh. "On-the-fly" syntax checking information may be incorrect. [C:\Users\Jalal\Desktop\N-bit-Multiplier\N-bit_multiplier.srcs\sources_1\new\multiplier_nbits.vhd:]
ERROR: [Common 17-180] Spawn failed: No such file or directory
WARNING: [filemgmt 56-199] Attempt to get parsing info during refresh. "On-the-fly" syntax checking information may be incorrect. [C:\Users\Jalal\Desktop\N-bit-Multiplier\N-bit_multiplier.srcs\sim_5\new\multiplier_nbits_tb.vhd:]
WARNING: [filemgmt 56-199] Attempt to get parsing info during refresh. "On-the-fly" syntax checking information may be incorrect. [C:\Users\Jalal\Desktop\N-bit-Multiplier\N-bit_multiplier.srcs\sources_1\new\multiply_new.vhd:]
WARNING: [filemgmt 56-199] Attempt to get parsing info during refresh. "On-the-fly" syntax checking information may be incorrect. [C:\Users\Jalal\Desktop\N-bit-Multiplier\N-bit_multiplier.srcs\sources_1\new\multiplier_nbits.vhd:]
ERROR: [Common 17-180] Spawn failed: No such file or directory
WARNING: [filemgmt 56-199] Attempt to get parsing info during refresh. "On-the-fly" syntax checking information may be incorrect. [C:\Users\Jalal\Desktop\N-bit-Multiplier\N-bit_multiplier.srcs\sim_5\new\multiplier_nbits_tb.vhd:]
WARNING: [filemgmt 56-199] Attempt to get parsing info during refresh. "On-the-fly" syntax checking information may be incorrect. [C:\Users\Jalal\Desktop\N-bit-Multiplier\N-bit_multiplier.srcs\sources_1\new\multiply_new.vhd:]
WARNING: [filemgmt 56-199] Attempt to get parsing info during refresh. "On-the-fly" syntax checking information may be incorrect. [C:\Users\Jalal\Desktop\N-bit-Multiplier\N-bit_multiplier.srcs\sources_1\new\multiplier_nbits.vhd:]
ERROR: [Common 17-180] Spawn failed: No such file or directory
WARNING: [filemgmt 56-199] Attempt to get parsing info during refresh. "On-the-fly" syntax checking information may be incorrect. [C:\Users\Jalal\Desktop\N-bit-Multiplier\N-bit_multiplier.srcs\sim_5\new\multiplier_nbits_tb.vhd:]
WARNING: [filemgmt 56-199] Attempt to get parsing info during refresh. "On-the-fly" syntax checking information may be incorrect. [C:\Users\Jalal\Desktop\N-bit-Multiplier\N-bit_multiplier.srcs\sources_1\new\multiply_new.vhd:]
WARNING: [filemgmt 56-199] Attempt to get parsing info during refresh. "On-the-fly" syntax checking information may be incorrect. [C:\Users\Jalal\Desktop\N-bit-Multiplier\N-bit_multiplier.srcs\sources_1\new\multiplier_nbits.vhd:]
ERROR: [Common 17-180] Spawn failed: No such file or directory
WARNING: [filemgmt 56-199] Attempt to get parsing info during refresh. "On-the-fly" syntax checking information may be incorrect. [C:\Users\Jalal\Desktop\N-bit-Multiplier\N-bit_multiplier.srcs\sim_5\new\multiplier_nbits_tb.vhd:]
WARNING: [filemgmt 56-199] Attempt to get parsing info during refresh. "On-the-fly" syntax checking information may be incorrect. [C:\Users\Jalal\Desktop\N-bit-Multiplier\N-bit_multiplier.srcs\sources_1\new\multiply_new.vhd:]
WARNING: [filemgmt 56-199] Attempt to get parsing info during refresh. "On-the-fly" syntax checking information may be incorrect. [C:\Users\Jalal\Desktop\N-bit-Multiplier\N-bit_multiplier.srcs\sources_1\new\multiplier_nbits.vhd:]
ERROR: [Common 17-180] Spawn failed: No such file or directory
WARNING: [filemgmt 56-199] Attempt to get parsing info during refresh. "On-the-fly" syntax checking information may be incorrect. [C:\Users\Jalal\Desktop\N-bit-Multiplier\N-bit_multiplier.srcs\sim_5\new\multiplier_nbits_tb.vhd:]
WARNING: [filemgmt 56-199] Attempt to get parsing info during refresh. "On-the-fly" syntax checking information may be incorrect. [C:\Users\Jalal\Desktop\N-bit-Multiplier\N-bit_multiplier.srcs\sources_1\new\multiply_new.vhd:]
WARNING: [filemgmt 56-199] Attempt to get parsing info during refresh. "On-the-fly" syntax checking information may be incorrect. [C:\Users\Jalal\Desktop\N-bit-Multiplier\N-bit_multiplier.srcs\sources_1\new\multiplier_nbits.vhd:]
WARNING: [filemgmt 56-199] Attempt to get parsing info during refresh. "On-the-fly" syntax checking information may be incorrect. [C:\Users\Jalal\Desktop\N-bit-Multiplier\N-bit_multiplier.srcs\sim_5\new\multiplier_nbits_tb.vhd:]
WARNING: [filemgmt 56-199] Attempt to get parsing info during refresh. "On-the-fly" syntax checking information may be incorrect. [C:\Users\Jalal\Desktop\N-bit-Multiplier\N-bit_multiplier.srcs\sources_1\new\multiply_new.vhd:]
WARNING: [filemgmt 56-199] Attempt to get parsing info during refresh. "On-the-fly" syntax checking information may be incorrect. [C:\Users\Jalal\Desktop\N-bit-Multiplier\N-bit_multiplier.srcs\sources_1\new\multiplier_nbits.vhd:]
ERROR: [Common 17-180] Spawn failed: No such file or directory
WARNING: [filemgmt 56-199] Attempt to get parsing info during refresh. "On-the-fly" syntax checking information may be incorrect. [C:\Users\Jalal\Desktop\N-bit-Multiplier\N-bit_multiplier.srcs\sim_5\new\multiplier_nbits_tb.vhd:]
WARNING: [filemgmt 56-199] Attempt to get parsing info during refresh. "On-the-fly" syntax checking information may be incorrect. [C:\Users\Jalal\Desktop\N-bit-Multiplier\N-bit_multiplier.srcs\sources_1\new\multiply_new.vhd:]
WARNING: [filemgmt 56-199] Attempt to get parsing info during refresh. "On-the-fly" syntax checking information may be incorrect. [C:\Users\Jalal\Desktop\N-bit-Multiplier\N-bit_multiplier.srcs\sources_1\new\multiplier_nbits.vhd:]
ERROR: [Common 17-180] Spawn failed: No such file or directory
WARNING: [filemgmt 56-199] Attempt to get parsing info during refresh. "On-the-fly" syntax checking information may be incorrect. [C:\Users\Jalal\Desktop\N-bit-Multiplier\N-bit_multiplier.srcs\sim_5\new\multiplier_nbits_tb.vhd:]
WARNING: [filemgmt 56-199] Attempt to get parsing info during refresh. "On-the-fly" syntax checking information may be incorrect. [C:\Users\Jalal\Desktop\N-bit-Multiplier\N-bit_multiplier.srcs\sources_1\new\multiply_new.vhd:]
WARNING: [filemgmt 56-199] Attempt to get parsing info during refresh. "On-the-fly" syntax checking information may be incorrect. [C:\Users\Jalal\Desktop\N-bit-Multiplier\N-bit_multiplier.srcs\sources_1\new\multiplier_nbits.vhd:]
ERROR: [Common 17-180] Spawn failed: No such file or directory
WARNING: [filemgmt 56-199] Attempt to get parsing info during refresh. "On-the-fly" syntax checking information may be incorrect. [C:\Users\Jalal\Desktop\N-bit-Multiplier\N-bit_multiplier.srcs\sim_5\new\multiplier_nbits_tb.vhd:]
WARNING: [filemgmt 56-199] Attempt to get parsing info during refresh. "On-the-fly" syntax checking information may be incorrect. [C:\Users\Jalal\Desktop\N-bit-Multiplier\N-bit_multiplier.srcs\sources_1\new\multiply_new.vhd:]
WARNING: [filemgmt 56-199] Attempt to get parsing info during refresh. "On-the-fly" syntax checking information may be incorrect. [C:\Users\Jalal\Desktop\N-bit-Multiplier\N-bit_multiplier.srcs\sources_1\new\multiplier_nbits.vhd:]
WARNING: [filemgmt 56-199] Attempt to get parsing info during refresh. "On-the-fly" syntax checking information may be incorrect. [C:\Users\Jalal\Desktop\N-bit-Multiplier\N-bit_multiplier.srcs\sim_5\new\multiplier_nbits_tb.vhd:]
WARNING: [filemgmt 56-199] Attempt to get parsing info during refresh. "On-the-fly" syntax checking information may be incorrect. [C:\Users\Jalal\Desktop\N-bit-Multiplier\N-bit_multiplier.srcs\sources_1\new\multiply_new.vhd:]
WARNING: [filemgmt 56-199] Attempt to get parsing info during refresh. "On-the-fly" syntax checking information may be incorrect. [C:\Users\Jalal\Desktop\N-bit-Multiplier\N-bit_multiplier.srcs\sources_1\new\multiplier_nbits.vhd:]
ERROR: [Common 17-180] Spawn failed: No such file or directory
WARNING: [filemgmt 56-199] Attempt to get parsing info during refresh. "On-the-fly" syntax checking information may be incorrect. [C:\Users\Jalal\Desktop\N-bit-Multiplier\N-bit_multiplier.srcs\sim_5\new\multiplier_nbits_tb.vhd:]
WARNING: [filemgmt 56-199] Attempt to get parsing info during refresh. "On-the-fly" syntax checking information may be incorrect. [C:\Users\Jalal\Desktop\N-bit-Multiplier\N-bit_multiplier.srcs\sources_1\new\multiply_new.vhd:]
WARNING: [filemgmt 56-199] Attempt to get parsing info during refresh. "On-the-fly" syntax checking information may be incorrect. [C:\Users\Jalal\Desktop\N-bit-Multiplier\N-bit_multiplier.srcs\sources_1\new\multiplier_nbits.vhd:]
ERROR: [Common 17-180] Spawn failed: No such file or directory
WARNING: [filemgmt 56-199] Attempt to get parsing info during refresh. "On-the-fly" syntax checking information may be incorrect. [C:\Users\Jalal\Desktop\N-bit-Multiplier\N-bit_multiplier.srcs\sim_5\new\multiplier_nbits_tb.vhd:]
WARNING: [filemgmt 56-199] Attempt to get parsing info during refresh. "On-the-fly" syntax checking information may be incorrect. [C:\Users\Jalal\Desktop\N-bit-Multiplier\N-bit_multiplier.srcs\sources_1\new\multiply_new.vhd:]
WARNING: [filemgmt 56-199] Attempt to get parsing info during refresh. "On-the-fly" syntax checking information may be incorrect. [C:\Users\Jalal\Desktop\N-bit-Multiplier\N-bit_multiplier.srcs\sources_1\new\multiplier_nbits.vhd:]
ERROR: [Common 17-180] Spawn failed: No such file or directory
WARNING: [filemgmt 56-199] Attempt to get parsing info during refresh. "On-the-fly" syntax checking information may be incorrect. [C:\Users\Jalal\Desktop\N-bit-Multiplier\N-bit_multiplier.srcs\sim_5\new\multiplier_nbits_tb.vhd:]
WARNING: [filemgmt 56-199] Attempt to get parsing info during refresh. "On-the-fly" syntax checking information may be incorrect. [C:\Users\Jalal\Desktop\N-bit-Multiplier\N-bit_multiplier.srcs\sources_1\new\multiply_new.vhd:]
WARNING: [filemgmt 56-199] Attempt to get parsing info during refresh. "On-the-fly" syntax checking information may be incorrect. [C:\Users\Jalal\Desktop\N-bit-Multiplier\N-bit_multiplier.srcs\sources_1\new\multiplier_nbits.vhd:]
ERROR: [Common 17-180] Spawn failed: No such file or directory
WARNING: [filemgmt 56-199] Attempt to get parsing info during refresh. "On-the-fly" syntax checking information may be incorrect. [C:\Users\Jalal\Desktop\N-bit-Multiplier\N-bit_multiplier.srcs\sim_5\new\multiplier_nbits_tb.vhd:]
WARNING: [filemgmt 56-199] Attempt to get parsing info during refresh. "On-the-fly" syntax checking information may be incorrect. [C:\Users\Jalal\Desktop\N-bit-Multiplier\N-bit_multiplier.srcs\sources_1\new\multiply_new.vhd:]
WARNING: [filemgmt 56-199] Attempt to get parsing info during refresh. "On-the-fly" syntax checking information may be incorrect. [C:\Users\Jalal\Desktop\N-bit-Multiplier\N-bit_multiplier.srcs\sources_1\new\multiplier_nbits.vhd:]
WARNING: [filemgmt 56-199] Attempt to get parsing info during refresh. "On-the-fly" syntax checking information may be incorrect. [C:\Users\Jalal\Desktop\N-bit-Multiplier\N-bit_multiplier.srcs\sim_5\new\multiplier_nbits_tb.vhd:]
WARNING: [filemgmt 56-199] Attempt to get parsing info during refresh. "On-the-fly" syntax checking information may be incorrect. [C:\Users\Jalal\Desktop\N-bit-Multiplier\N-bit_multiplier.srcs\sources_1\new\multiply_new.vhd:]
WARNING: [filemgmt 56-199] Attempt to get parsing info during refresh. "On-the-fly" syntax checking information may be incorrect. [C:\Users\Jalal\Desktop\N-bit-Multiplier\N-bit_multiplier.srcs\sources_1\new\multiplier_nbits.vhd:]
ERROR: [Common 17-180] Spawn failed: No such file or directory
WARNING: [filemgmt 56-199] Attempt to get parsing info during refresh. "On-the-fly" syntax checking information may be incorrect. [C:\Users\Jalal\Desktop\N-bit-Multiplier\N-bit_multiplier.srcs\sim_5\new\multiplier_nbits_tb.vhd:]
WARNING: [filemgmt 56-199] Attempt to get parsing info during refresh. "On-the-fly" syntax checking information may be incorrect. [C:\Users\Jalal\Desktop\N-bit-Multiplier\N-bit_multiplier.srcs\sources_1\new\multiply_new.vhd:]
WARNING: [filemgmt 56-199] Attempt to get parsing info during refresh. "On-the-fly" syntax checking information may be incorrect. [C:\Users\Jalal\Desktop\N-bit-Multiplier\N-bit_multiplier.srcs\sources_1\new\multiplier_nbits.vhd:]
ERROR: [Common 17-180] Spawn failed: No such file or directory
WARNING: [filemgmt 56-199] Attempt to get parsing info during refresh. "On-the-fly" syntax checking information may be incorrect. [C:\Users\Jalal\Desktop\N-bit-Multiplier\N-bit_multiplier.srcs\sim_5\new\multiplier_nbits_tb.vhd:]
WARNING: [filemgmt 56-199] Attempt to get parsing info during refresh. "On-the-fly" syntax checking information may be incorrect. [C:\Users\Jalal\Desktop\N-bit-Multiplier\N-bit_multiplier.srcs\sources_1\new\multiply_new.vhd:]
WARNING: [filemgmt 56-199] Attempt to get parsing info during refresh. "On-the-fly" syntax checking information may be incorrect. [C:\Users\Jalal\Desktop\N-bit-Multiplier\N-bit_multiplier.srcs\sources_1\new\multiplier_nbits.vhd:]
ERROR: [Common 17-180] Spawn failed: No such file or directory
WARNING: [filemgmt 56-199] Attempt to get parsing info during refresh. "On-the-fly" syntax checking information may be incorrect. [C:\Users\Jalal\Desktop\N-bit-Multiplier\N-bit_multiplier.srcs\sim_5\new\multiplier_nbits_tb.vhd:]
WARNING: [filemgmt 56-199] Attempt to get parsing info during refresh. "On-the-fly" syntax checking information may be incorrect. [C:\Users\Jalal\Desktop\N-bit-Multiplier\N-bit_multiplier.srcs\sources_1\new\multiply_new.vhd:]
WARNING: [filemgmt 56-199] Attempt to get parsing info during refresh. "On-the-fly" syntax checking information may be incorrect. [C:\Users\Jalal\Desktop\N-bit-Multiplier\N-bit_multiplier.srcs\sources_1\new\multiplier_nbits.vhd:]
ERROR: [Common 17-180] Spawn failed: No such file or directory
WARNING: [filemgmt 56-199] Attempt to get parsing info during refresh. "On-the-fly" syntax checking information may be incorrect. [C:\Users\Jalal\Desktop\N-bit-Multiplier\N-bit_multiplier.srcs\sim_5\new\multiplier_nbits_tb.vhd:]
WARNING: [filemgmt 56-199] Attempt to get parsing info during refresh. "On-the-fly" syntax checking information may be incorrect. [C:\Users\Jalal\Desktop\N-bit-Multiplier\N-bit_multiplier.srcs\sources_1\new\multiply_new.vhd:]
WARNING: [filemgmt 56-199] Attempt to get parsing info during refresh. "On-the-fly" syntax checking information may be incorrect. [C:\Users\Jalal\Desktop\N-bit-Multiplier\N-bit_multiplier.srcs\sources_1\new\multiplier_nbits.vhd:]
WARNING: [filemgmt 56-199] Attempt to get parsing info during refresh. "On-the-fly" syntax checking information may be incorrect. [C:\Users\Jalal\Desktop\N-bit-Multiplier\N-bit_multiplier.srcs\sim_5\new\multiplier_nbits_tb.vhd:]
WARNING: [filemgmt 56-199] Attempt to get parsing info during refresh. "On-the-fly" syntax checking information may be incorrect. [C:\Users\Jalal\Desktop\N-bit-Multiplier\N-bit_multiplier.srcs\sources_1\new\multiply_new.vhd:]
WARNING: [filemgmt 56-199] Attempt to get parsing info during refresh. "On-the-fly" syntax checking information may be incorrect. [C:\Users\Jalal\Desktop\N-bit-Multiplier\N-bit_multiplier.srcs\sources_1\new\multiplier_nbits.vhd:]
ERROR: [Common 17-180] Spawn failed: No such file or directory
WARNING: [filemgmt 56-199] Attempt to get parsing info during refresh. "On-the-fly" syntax checking information may be incorrect. [C:\Users\Jalal\Desktop\N-bit-Multiplier\N-bit_multiplier.srcs\sim_5\new\multiplier_nbits_tb.vhd:]
WARNING: [filemgmt 56-199] Attempt to get parsing info during refresh. "On-the-fly" syntax checking information may be incorrect. [C:\Users\Jalal\Desktop\N-bit-Multiplier\N-bit_multiplier.srcs\sources_1\new\multiply_new.vhd:]
WARNING: [filemgmt 56-199] Attempt to get parsing info during refresh. "On-the-fly" syntax checking information may be incorrect. [C:\Users\Jalal\Desktop\N-bit-Multiplier\N-bit_multiplier.srcs\sources_1\new\multiplier_nbits.vhd:]
ERROR: [Common 17-180] Spawn failed: No such file or directory
WARNING: [filemgmt 56-199] Attempt to get parsing info during refresh. "On-the-fly" syntax checking information may be incorrect. [C:\Users\Jalal\Desktop\N-bit-Multiplier\N-bit_multiplier.srcs\sim_5\new\multiplier_nbits_tb.vhd:]
WARNING: [filemgmt 56-199] Attempt to get parsing info during refresh. "On-the-fly" syntax checking information may be incorrect. [C:\Users\Jalal\Desktop\N-bit-Multiplier\N-bit_multiplier.srcs\sources_1\new\multiply_new.vhd:]
WARNING: [filemgmt 56-199] Attempt to get parsing info during refresh. "On-the-fly" syntax checking information may be incorrect. [C:\Users\Jalal\Desktop\N-bit-Multiplier\N-bit_multiplier.srcs\sources_1\new\multiplier_nbits.vhd:]
ERROR: [Common 17-180] Spawn failed: No such file or directory
WARNING: [filemgmt 56-199] Attempt to get parsing info during refresh. "On-the-fly" syntax checking information may be incorrect. [C:\Users\Jalal\Desktop\N-bit-Multiplier\N-bit_multiplier.srcs\sim_5\new\multiplier_nbits_tb.vhd:]
WARNING: [filemgmt 56-199] Attempt to get parsing info during refresh. "On-the-fly" syntax checking information may be incorrect. [C:\Users\Jalal\Desktop\N-bit-Multiplier\N-bit_multiplier.srcs\sources_1\new\multiply_new.vhd:]
WARNING: [filemgmt 56-199] Attempt to get parsing info during refresh. "On-the-fly" syntax checking information may be incorrect. [C:\Users\Jalal\Desktop\N-bit-Multiplier\N-bit_multiplier.srcs\sources_1\new\multiplier_nbits.vhd:]
ERROR: [Common 17-180] Spawn failed: No such file or directory
WARNING: [filemgmt 56-199] Attempt to get parsing info during refresh. "On-the-fly" syntax checking information may be incorrect. [C:\Users\Jalal\Desktop\N-bit-Multiplier\N-bit_multiplier.srcs\sim_5\new\multiplier_nbits_tb.vhd:]
WARNING: [filemgmt 56-199] Attempt to get parsing info during refresh. "On-the-fly" syntax checking information may be incorrect. [C:\Users\Jalal\Desktop\N-bit-Multiplier\N-bit_multiplier.srcs\sources_1\new\multiply_new.vhd:]
WARNING: [filemgmt 56-199] Attempt to get parsing info during refresh. "On-the-fly" syntax checking information may be incorrect. [C:\Users\Jalal\Desktop\N-bit-Multiplier\N-bit_multiplier.srcs\sources_1\new\multiplier_nbits.vhd:]
WARNING: [filemgmt 56-199] Attempt to get parsing info during refresh. "On-the-fly" syntax checking information may be incorrect. [C:\Users\Jalal\Desktop\N-bit-Multiplier\N-bit_multiplier.srcs\sim_5\new\multiplier_nbits_tb.vhd:]
WARNING: [filemgmt 56-199] Attempt to get parsing info during refresh. "On-the-fly" syntax checking information may be incorrect. [C:\Users\Jalal\Desktop\N-bit-Multiplier\N-bit_multiplier.srcs\sources_1\new\multiply_new.vhd:]
WARNING: [filemgmt 56-199] Attempt to get parsing info during refresh. "On-the-fly" syntax checking information may be incorrect. [C:\Users\Jalal\Desktop\N-bit-Multiplier\N-bit_multiplier.srcs\sources_1\new\multiplier_nbits.vhd:]
ERROR: [Common 17-180] Spawn failed: No such file or directory
WARNING: [filemgmt 56-199] Attempt to get parsing info during refresh. "On-the-fly" syntax checking information may be incorrect. [C:\Users\Jalal\Desktop\N-bit-Multiplier\N-bit_multiplier.srcs\sim_5\new\multiplier_nbits_tb.vhd:]
WARNING: [filemgmt 56-199] Attempt to get parsing info during refresh. "On-the-fly" syntax checking information may be incorrect. [C:\Users\Jalal\Desktop\N-bit-Multiplier\N-bit_multiplier.srcs\sources_1\new\multiply_new.vhd:]
WARNING: [filemgmt 56-199] Attempt to get parsing info during refresh. "On-the-fly" syntax checking information may be incorrect. [C:\Users\Jalal\Desktop\N-bit-Multiplier\N-bit_multiplier.srcs\sources_1\new\multiplier_nbits.vhd:]
ERROR: [Common 17-180] Spawn failed: No such file or directory
WARNING: [filemgmt 56-199] Attempt to get parsing info during refresh. "On-the-fly" syntax checking information may be incorrect. [C:\Users\Jalal\Desktop\N-bit-Multiplier\N-bit_multiplier.srcs\sim_5\new\multiplier_nbits_tb.vhd:]
WARNING: [filemgmt 56-199] Attempt to get parsing info during refresh. "On-the-fly" syntax checking information may be incorrect. [C:\Users\Jalal\Desktop\N-bit-Multiplier\N-bit_multiplier.srcs\sources_1\new\multiply_new.vhd:]
WARNING: [filemgmt 56-199] Attempt to get parsing info during refresh. "On-the-fly" syntax checking information may be incorrect. [C:\Users\Jalal\Desktop\N-bit-Multiplier\N-bit_multiplier.srcs\sources_1\new\multiplier_nbits.vhd:]
ERROR: [Common 17-180] Spawn failed: No such file or directory
WARNING: [filemgmt 56-199] Attempt to get parsing info during refresh. "On-the-fly" syntax checking information may be incorrect. [C:\Users\Jalal\Desktop\N-bit-Multiplier\N-bit_multiplier.srcs\sim_5\new\multiplier_nbits_tb.vhd:]
WARNING: [filemgmt 56-199] Attempt to get parsing info during refresh. "On-the-fly" syntax checking information may be incorrect. [C:\Users\Jalal\Desktop\N-bit-Multiplier\N-bit_multiplier.srcs\sources_1\new\multiply_new.vhd:]
WARNING: [filemgmt 56-199] Attempt to get parsing info during refresh. "On-the-fly" syntax checking information may be incorrect. [C:\Users\Jalal\Desktop\N-bit-Multiplier\N-bit_multiplier.srcs\sources_1\new\multiplier_nbits.vhd:]
ERROR: [Common 17-180] Spawn failed: No such file or directory
WARNING: [filemgmt 56-199] Attempt to get parsing info during refresh. "On-the-fly" syntax checking information may be incorrect. [C:\Users\Jalal\Desktop\N-bit-Multiplier\N-bit_multiplier.srcs\sim_5\new\multiplier_nbits_tb.vhd:]
WARNING: [filemgmt 56-199] Attempt to get parsing info during refresh. "On-the-fly" syntax checking information may be incorrect. [C:\Users\Jalal\Desktop\N-bit-Multiplier\N-bit_multiplier.srcs\sources_1\new\multiply_new.vhd:]
WARNING: [filemgmt 56-199] Attempt to get parsing info during refresh. "On-the-fly" syntax checking information may be incorrect. [C:\Users\Jalal\Desktop\N-bit-Multiplier\N-bit_multiplier.srcs\sources_1\new\multiplier_nbits.vhd:]
ERROR: [Common 17-180] Spawn failed: No such file or directory
WARNING: [filemgmt 56-199] Attempt to get parsing info during refresh. "On-the-fly" syntax checking information may be incorrect. [C:\Users\Jalal\Desktop\N-bit-Multiplier\N-bit_multiplier.srcs\sim_5\new\multiplier_nbits_tb.vhd:]
WARNING: [filemgmt 56-199] Attempt to get parsing info during refresh. "On-the-fly" syntax checking information may be incorrect. [C:\Users\Jalal\Desktop\N-bit-Multiplier\N-bit_multiplier.srcs\sources_1\new\multiply_new.vhd:]
WARNING: [filemgmt 56-199] Attempt to get parsing info during refresh. "On-the-fly" syntax checking information may be incorrect. [C:\Users\Jalal\Desktop\N-bit-Multiplier\N-bit_multiplier.srcs\sources_1\new\multiplier_nbits.vhd:]
ERROR: [Common 17-180] Spawn failed: No such file or directory
WARNING: [filemgmt 56-199] Attempt to get parsing info during refresh. "On-the-fly" syntax checking information may be incorrect. [C:\Users\Jalal\Desktop\N-bit-Multiplier\N-bit_multiplier.srcs\sim_5\new\multiplier_nbits_tb.vhd:]
WARNING: [filemgmt 56-199] Attempt to get parsing info during refresh. "On-the-fly" syntax checking information may be incorrect. [C:\Users\Jalal\Desktop\N-bit-Multiplier\N-bit_multiplier.srcs\sources_1\new\multiply_new.vhd:]
WARNING: [filemgmt 56-199] Attempt to get parsing info during refresh. "On-the-fly" syntax checking information may be incorrect. [C:\Users\Jalal\Desktop\N-bit-Multiplier\N-bit_multiplier.srcs\sources_1\new\multiplier_nbits.vhd:]
ERROR: [Common 17-180] Spawn failed: No such file or directory
WARNING: [filemgmt 56-199] Attempt to get parsing info during refresh. "On-the-fly" syntax checking information may be incorrect. [C:\Users\Jalal\Desktop\N-bit-Multiplier\N-bit_multiplier.srcs\sim_5\new\multiplier_nbits_tb.vhd:]
WARNING: [filemgmt 56-199] Attempt to get parsing info during refresh. "On-the-fly" syntax checking information may be incorrect. [C:\Users\Jalal\Desktop\N-bit-Multiplier\N-bit_multiplier.srcs\sources_1\new\multiply_new.vhd:]
WARNING: [filemgmt 56-199] Attempt to get parsing info during refresh. "On-the-fly" syntax checking information may be incorrect. [C:\Users\Jalal\Desktop\N-bit-Multiplier\N-bit_multiplier.srcs\sources_1\new\multiplier_nbits.vhd:]
ERROR: [Common 17-180] Spawn failed: No such file or directory
WARNING: [filemgmt 56-199] Attempt to get parsing info during refresh. "On-the-fly" syntax checking information may be incorrect. [C:\Users\Jalal\Desktop\N-bit-Multiplier\N-bit_multiplier.srcs\sim_5\new\multiplier_nbits_tb.vhd:]
WARNING: [filemgmt 56-199] Attempt to get parsing info during refresh. "On-the-fly" syntax checking information may be incorrect. [C:\Users\Jalal\Desktop\N-bit-Multiplier\N-bit_multiplier.srcs\sources_1\new\multiply_new.vhd:]
WARNING: [filemgmt 56-199] Attempt to get parsing info during refresh. "On-the-fly" syntax checking information may be incorrect. [C:\Users\Jalal\Desktop\N-bit-Multiplier\N-bit_multiplier.srcs\sources_1\new\multiplier_nbits.vhd:]
ERROR: [Common 17-180] Spawn failed: No such file or directory
WARNING: [filemgmt 56-199] Attempt to get parsing info during refresh. "On-the-fly" syntax checking information may be incorrect. [C:\Users\Jalal\Desktop\N-bit-Multiplier\N-bit_multiplier.srcs\sim_5\new\multiplier_nbits_tb.vhd:]
WARNING: [filemgmt 56-199] Attempt to get parsing info during refresh. "On-the-fly" syntax checking information may be incorrect. [C:\Users\Jalal\Desktop\N-bit-Multiplier\N-bit_multiplier.srcs\sources_1\new\multiply_new.vhd:]
WARNING: [filemgmt 56-199] Attempt to get parsing info during refresh. "On-the-fly" syntax checking information may be incorrect. [C:\Users\Jalal\Desktop\N-bit-Multiplier\N-bit_multiplier.srcs\sources_1\new\multiplier_nbits.vhd:]
ERROR: [Common 17-180] Spawn failed: No such file or directory
exit
INFO: [Common 17-206] Exiting Vivado at Sun Jan 14 15:14:41 2024...
