#-----------------------------------------------------------
# Vivado v2020.2 (64-bit)
# SW Build 3064766 on Wed Nov 18 09:12:45 MST 2020
# IP Build 3064653 on Wed Nov 18 14:17:31 MST 2020
# Start of session at: Sat Dec 23 11:43:42 2023
# Process ID: 14020
# Current directory: C:/Users/Jalal/Desktop/N-bit-Multiplier
# Command line: vivado.exe -gui_launcher_event rodinguilauncherevent8932 C:\Users\Jalal\Desktop\N-bit-Multiplier\N-bit_multiplier.xpr
# Log file: C:/Users/Jalal/Desktop/N-bit-Multiplier/vivado.log
# Journal file: C:/Users/Jalal/Desktop/N-bit-Multiplier\vivado.jou
#-----------------------------------------------------------
start_gui
open_project C:/Users/Jalal/Desktop/N-bit-Multiplier/N-bit_multiplier.xpr
INFO: [Project 1-313] Project file moved from 'C:/Users/aa409t/Desktop/FPGA intern/N-bit_multiplier' since last save.
Scanning sources...
Finished scanning sources
INFO: [IP_Flow 19-234] Refreshing IP repositories
INFO: [IP_Flow 19-1704] No user IP repositories specified
INFO: [IP_Flow 19-2313] Loaded Vivado IP repository 'C:/Xilinx/Vivado/2020.2/data/ip'.
open_project: Time (s): cpu = 00:00:15 ; elapsed = 00:00:09 . Memory (MB): peak = 1111.598 ; gain = 0.000
exit
INFO: [Common 17-206] Exiting Vivado at Sat Dec 23 11:45:56 2023...
