#-----------------------------------------------------------
# Vivado v2020.2 (64-bit)
# SW Build 3064766 on Wed Nov 18 09:12:45 MST 2020
# IP Build 3064653 on Wed Nov 18 14:17:31 MST 2020
# Start of session at: Sun Jan 21 09:36:03 2024
# Process ID: 14872
# Current directory: C:/Users/Jalal/Desktop/N-bit-Multiplier
# Command line: vivado.exe -gui_launcher_event rodinguilauncherevent10188 C:\Users\Jalal\Desktop\N-bit-Multiplier\N-bit_multiplier.xpr
# Log file: C:/Users/Jalal/Desktop/N-bit-Multiplier/vivado.log
# Journal file: C:/Users/Jalal/Desktop/N-bit-Multiplier\vivado.jou
#-----------------------------------------------------------
start_gui
open_project C:/Users/Jalal/Desktop/N-bit-Multiplier/N-bit_multiplier.xpr
Scanning sources...
Finished scanning sources
INFO: [IP_Flow 19-234] Refreshing IP repositories
INFO: [IP_Flow 19-1704] No user IP repositories specified
INFO: [IP_Flow 19-2313] Loaded Vivado IP repository 'C:/Xilinx/Vivado/2020.2/data/ip'.
open_project: Time (s): cpu = 00:00:14 ; elapsed = 00:00:08 . Memory (MB): peak = 1080.262 ; gain = 0.000
exit
INFO: [Common 17-206] Exiting Vivado at Sun Jan 21 10:28:40 2024...
