#-----------------------------------------------------------
# Vivado v2020.2 (64-bit)
# SW Build 3064766 on Wed Nov 18 09:12:45 MST 2020
# IP Build 3064653 on Wed Nov 18 14:17:31 MST 2020
# Start of session at: Sat Nov 11 19:31:56 2023
# Process ID: 2976
# Current directory: C:/Users/aa409t/Desktop/FPGA intern/multiply
# Command line: vivado.exe -gui_launcher_event rodinguilauncherevent4264 C:\Users\aa409t\Desktop\FPGA intern\multiply\multiply.xpr
# Log file: C:/Users/aa409t/Desktop/FPGA intern/multiply/vivado.log
# Journal file: C:/Users/aa409t/Desktop/FPGA intern/multiply\vivado.jou
#-----------------------------------------------------------
start_gui
open_project {C:/Users/aa409t/Desktop/FPGA intern/multiply/multiply.xpr}
WARNING: [filemgmt 56-3] Default IP Output Path : Could not find the directory 'C:/Users/aa409t/Desktop/FPGA intern/multiply/multiply.gen/sources_1'.
Scanning sources...
Finished scanning sources
INFO: [IP_Flow 19-234] Refreshing IP repositories
INFO: [IP_Flow 19-1704] No user IP repositories specified
INFO: [IP_Flow 19-2313] Loaded Vivado IP repository 'C:/Xilinx/Vivado/2020.2/data/ip'.
update_compile_order -fileset sources_1
launch_simulation
Command: launch_simulation 
INFO: [Vivado 12-5682] Launching behavioral simulation in 'C:/Users/aa409t/Desktop/FPGA intern/multiply/multiply.sim/sim_1/behav/xsim'
INFO: [SIM-utils-51] Simulation object is 'sim_1'
INFO: [SIM-utils-54] Inspecting design source files for 'multiplier_nbits_tb' in fileset 'sim_1'...
INFO: [USF-XSim-97] Finding global include files...
INFO: [USF-XSim-98] Fetching design files from 'sim_1'...
INFO: [USF-XSim-2] XSim::Compile design
INFO: [USF-XSim-61] Executing 'COMPILE and ANALYZE' step in 'C:/Users/aa409t/Desktop/FPGA intern/multiply/multiply.sim/sim_1/behav/xsim'
"xvhdl --incr --relax -prj multiplier_nbits_tb_vhdl.prj"
INFO: [USF-XSim-69] 'compile' step finished in '1' seconds
INFO: [USF-XSim-3] XSim::Elaborate design
INFO: [USF-XSim-61] Executing 'ELABORATE' step in 'C:/Users/aa409t/Desktop/FPGA intern/multiply/multiply.sim/sim_1/behav/xsim'
"xelab -wto 260bba034e114d12a011a6f676998bd8 --incr --debug typical --relax --mt 2 -L xil_defaultlib -L secureip --snapshot multiplier_nbits_tb_behav xil_defaultlib.multiplier_nbits_tb -log elaborate.log"
Vivado Simulator 2020.2
Copyright 1986-1999, 2001-2020 Xilinx, Inc. All Rights Reserved.
Running: C:/Xilinx/Vivado/2020.2/bin/unwrapped/win64.o/xelab.exe -wto 260bba034e114d12a011a6f676998bd8 --incr --debug typical --relax --mt 2 -L xil_defaultlib -L secureip --snapshot multiplier_nbits_tb_behav xil_defaultlib.multiplier_nbits_tb -log elaborate.log 
Using 2 slave threads.
Starting static elaboration
ERROR: [VRFC 10-664] expression has 3 elements ; expected 4 [C:/Users/aa409t/Desktop/FPGA intern/multiply/multiply.srcs/sources_1/new/multiplier_nbits.vhd:102]
ERROR: [XSIM 43-3321] Static elaboration of top level VHDL design unit multiplier_nbits_tb in library work failed.
INFO: [USF-XSim-69] 'elaborate' step finished in '1' seconds
INFO: [USF-XSim-99] Step results log file:'C:/Users/aa409t/Desktop/FPGA intern/multiply/multiply.sim/sim_1/behav/xsim/elaborate.log'
ERROR: [USF-XSim-62] 'elaborate' step failed with error(s). Please check the Tcl console output or 'C:/Users/aa409t/Desktop/FPGA intern/multiply/multiply.sim/sim_1/behav/xsim/elaborate.log' file for more information.
ERROR: [Vivado 12-4473] Detected error while running simulation. Please correct the issue and retry this operation.
ERROR: [Common 17-39] 'launch_simulation' failed due to earlier errors.
launch_simulation
Command: launch_simulation 
INFO: [Vivado 12-5682] Launching behavioral simulation in 'C:/Users/aa409t/Desktop/FPGA intern/multiply/multiply.sim/sim_1/behav/xsim'
INFO: [SIM-utils-51] Simulation object is 'sim_1'
INFO: [SIM-utils-54] Inspecting design source files for 'multiplier_nbits_tb' in fileset 'sim_1'...
INFO: [USF-XSim-97] Finding global include files...
INFO: [USF-XSim-98] Fetching design files from 'sim_1'...
INFO: [USF-XSim-2] XSim::Compile design
INFO: [USF-XSim-61] Executing 'COMPILE and ANALYZE' step in 'C:/Users/aa409t/Desktop/FPGA intern/multiply/multiply.sim/sim_1/behav/xsim'
"xvhdl --incr --relax -prj multiplier_nbits_tb_vhdl.prj"
INFO: [VRFC 10-163] Analyzing VHDL file "C:/Users/aa409t/Desktop/FPGA intern/multiply/multiply.srcs/sources_1/new/multiplier_nbits.vhd" into library xil_defaultlib
INFO: [VRFC 10-3107] analyzing entity 'multiplier_nbits'
INFO: [USF-XSim-69] 'compile' step finished in '2' seconds
INFO: [USF-XSim-3] XSim::Elaborate design
INFO: [USF-XSim-61] Executing 'ELABORATE' step in 'C:/Users/aa409t/Desktop/FPGA intern/multiply/multiply.sim/sim_1/behav/xsim'
"xelab -wto 260bba034e114d12a011a6f676998bd8 --incr --debug typical --relax --mt 2 -L xil_defaultlib -L secureip --snapshot multiplier_nbits_tb_behav xil_defaultlib.multiplier_nbits_tb -log elaborate.log"
Vivado Simulator 2020.2
Copyright 1986-1999, 2001-2020 Xilinx, Inc. All Rights Reserved.
Running: C:/Xilinx/Vivado/2020.2/bin/unwrapped/win64.o/xelab.exe -wto 260bba034e114d12a011a6f676998bd8 --incr --debug typical --relax --mt 2 -L xil_defaultlib -L secureip --snapshot multiplier_nbits_tb_behav xil_defaultlib.multiplier_nbits_tb -log elaborate.log 
Using 2 slave threads.
Starting static elaboration
Completed static elaboration
Starting simulation data flow analysis
Completed simulation data flow analysis
Time Resolution for simulation is 1ps
Compiling package std.standard
Compiling package std.textio
Compiling package ieee.std_logic_1164
Compiling package ieee.numeric_std
Compiling architecture behavioral of entity xil_defaultlib.FullAdder_1bit [fulladder_1bit_default]
Compiling architecture behavioral of entity xil_defaultlib.FullAdder_nbits [\FullAdder_nbits(num_of_bit=3)\]
Compiling architecture behavioral of entity xil_defaultlib.multiplier_nbits [multiplier_nbits_default]
Compiling architecture behavior of entity xil_defaultlib.multiplier_nbits_tb
Built simulation snapshot multiplier_nbits_tb_behav

****** Webtalk v2020.2 (64-bit)
  **** SW Build 3064766 on Wed Nov 18 09:12:45 MST 2020
  **** IP Build 3064653 on Wed Nov 18 14:17:31 MST 2020
    ** Copyright 1986-2020 Xilinx, Inc. All Rights Reserved.

source C:/Users/aa409t/Desktop/FPGA -notrace
couldn't read file "C:/Users/aa409t/Desktop/FPGA": permission denied
INFO: [Common 17-206] Exiting Webtalk at Sat Nov 11 19:34:33 2023...
INFO: [USF-XSim-69] 'elaborate' step finished in '3' seconds
INFO: [USF-XSim-4] XSim::Simulate design
INFO: [USF-XSim-61] Executing 'SIMULATE' step in 'C:/Users/aa409t/Desktop/FPGA intern/multiply/multiply.sim/sim_1/behav/xsim'
INFO: [USF-XSim-98] *** Running xsim
   with args "multiplier_nbits_tb_behav -key {Behavioral:sim_1:Functional:multiplier_nbits_tb} -tclbatch {multiplier_nbits_tb.tcl} -log {simulate.log}"
INFO: [USF-XSim-8] Loading simulator feature
Vivado Simulator 2020.2
Time resolution is 1 ps
source multiplier_nbits_tb.tcl
# set curr_wave [current_wave_config]
# if { [string length $curr_wave] == 0 } {
#   if { [llength [get_objects]] > 0} {
#     add_wave /
#     set_property needs_save false [current_wave_config]
#   } else {
#      send_msg_id Add_Wave-1 WARNING "No top level signals found. Simulator will start without a wave window. If you want to open a wave window go to 'File->New Waveform Configuration' or type 'create_wave_config' in the TCL console."
#   }
# }
# run 1000ns
ERROR: Index 7 out of bound 6 downto 0
Time: 0 ps  Iteration: 0  Process: /multiplier_nbits_tb/uut/line__69
  File: C:/Users/aa409t/Desktop/FPGA intern/multiply/multiply.srcs/sources_1/new/multiplier_nbits.vhd

HDL Line: C:/Users/aa409t/Desktop/FPGA intern/multiply/multiply.srcs/sources_1/new/multiplier_nbits.vhd:101
INFO: [USF-XSim-96] XSim completed. Design snapshot 'multiplier_nbits_tb_behav' loaded.
INFO: [USF-XSim-97] XSim simulation ran for 1000ns
launch_simulation: Time (s): cpu = 00:00:06 ; elapsed = 00:00:07 . Memory (MB): peak = 1011.793 ; gain = 0.000
add_bp {C:/Users/aa409t/Desktop/FPGA intern/multiply/multiply.srcs/sim_1/new/multiplier_nbits_tb.vhd} 45
remove_bps -file {C:/Users/aa409t/Desktop/FPGA intern/multiply/multiply.srcs/sim_1/new/multiplier_nbits_tb.vhd} -line 45
add_bp {C:/Users/aa409t/Desktop/FPGA intern/multiply/multiply.srcs/sim_1/new/multiplier_nbits_tb.vhd} 47
remove_bps -file {C:/Users/aa409t/Desktop/FPGA intern/multiply/multiply.srcs/sim_1/new/multiplier_nbits_tb.vhd} -line 47
close_sim
INFO: [Simtcl 6-16] Simulation closed
launch_simulation
Command: launch_simulation 
INFO: [Vivado 12-5682] Launching behavioral simulation in 'C:/Users/aa409t/Desktop/FPGA intern/multiply/multiply.sim/sim_1/behav/xsim'
INFO: [SIM-utils-51] Simulation object is 'sim_1'
INFO: [SIM-utils-54] Inspecting design source files for 'multiplier_nbits_tb' in fileset 'sim_1'...
INFO: [USF-XSim-97] Finding global include files...
INFO: [USF-XSim-98] Fetching design files from 'sim_1'...
INFO: [USF-XSim-2] XSim::Compile design
INFO: [USF-XSim-61] Executing 'COMPILE and ANALYZE' step in 'C:/Users/aa409t/Desktop/FPGA intern/multiply/multiply.sim/sim_1/behav/xsim'
"xvhdl --incr --relax -prj multiplier_nbits_tb_vhdl.prj"
INFO: [VRFC 10-163] Analyzing VHDL file "C:/Users/aa409t/Desktop/FPGA intern/multiply/multiply.srcs/sim_1/new/multiplier_nbits_tb.vhd" into library xil_defaultlib
INFO: [VRFC 10-3107] analyzing entity 'multiplier_nbits_tb'
INFO: [USF-XSim-69] 'compile' step finished in '1' seconds
INFO: [USF-XSim-3] XSim::Elaborate design
INFO: [USF-XSim-61] Executing 'ELABORATE' step in 'C:/Users/aa409t/Desktop/FPGA intern/multiply/multiply.sim/sim_1/behav/xsim'
"xelab -wto 260bba034e114d12a011a6f676998bd8 --incr --debug typical --relax --mt 2 -L xil_defaultlib -L secureip --snapshot multiplier_nbits_tb_behav xil_defaultlib.multiplier_nbits_tb -log elaborate.log"
Vivado Simulator 2020.2
Copyright 1986-1999, 2001-2020 Xilinx, Inc. All Rights Reserved.
Running: C:/Xilinx/Vivado/2020.2/bin/unwrapped/win64.o/xelab.exe -wto 260bba034e114d12a011a6f676998bd8 --incr --debug typical --relax --mt 2 -L xil_defaultlib -L secureip --snapshot multiplier_nbits_tb_behav xil_defaultlib.multiplier_nbits_tb -log elaborate.log 
Using 2 slave threads.
Starting static elaboration
Completed static elaboration
Starting simulation data flow analysis
Completed simulation data flow analysis
Time Resolution for simulation is 1ps
Compiling package std.standard
Compiling package std.textio
Compiling package ieee.std_logic_1164
Compiling package ieee.numeric_std
Compiling architecture behavioral of entity xil_defaultlib.FullAdder_1bit [fulladder_1bit_default]
Compiling architecture behavioral of entity xil_defaultlib.FullAdder_nbits [\FullAdder_nbits(num_of_bit=3)\]
Compiling architecture behavioral of entity xil_defaultlib.multiplier_nbits [multiplier_nbits_default]
Compiling architecture behavior of entity xil_defaultlib.multiplier_nbits_tb
Built simulation snapshot multiplier_nbits_tb_behav
INFO: [USF-XSim-69] 'elaborate' step finished in '1' seconds
INFO: [USF-XSim-4] XSim::Simulate design
INFO: [USF-XSim-61] Executing 'SIMULATE' step in 'C:/Users/aa409t/Desktop/FPGA intern/multiply/multiply.sim/sim_1/behav/xsim'
INFO: [USF-XSim-98] *** Running xsim
   with args "multiplier_nbits_tb_behav -key {Behavioral:sim_1:Functional:multiplier_nbits_tb} -tclbatch {multiplier_nbits_tb.tcl} -log {simulate.log}"
INFO: [USF-XSim-8] Loading simulator feature
Vivado Simulator 2020.2
Time resolution is 1 ps
source multiplier_nbits_tb.tcl
# set curr_wave [current_wave_config]
# if { [string length $curr_wave] == 0 } {
#   if { [llength [get_objects]] > 0} {
#     add_wave /
#     set_property needs_save false [current_wave_config]
#   } else {
#      send_msg_id Add_Wave-1 WARNING "No top level signals found. Simulator will start without a wave window. If you want to open a wave window go to 'File->New Waveform Configuration' or type 'create_wave_config' in the TCL console."
#   }
# }
# run 1000ns
ERROR: Index 7 out of bound 6 downto 0
Time: 0 ps  Iteration: 0  Process: /multiplier_nbits_tb/uut/line__69
  File: C:/Users/aa409t/Desktop/FPGA intern/multiply/multiply.srcs/sources_1/new/multiplier_nbits.vhd

HDL Line: C:/Users/aa409t/Desktop/FPGA intern/multiply/multiply.srcs/sources_1/new/multiplier_nbits.vhd:101
INFO: [USF-XSim-96] XSim completed. Design snapshot 'multiplier_nbits_tb_behav' loaded.
INFO: [USF-XSim-97] XSim simulation ran for 1000ns
close_sim
INFO: [Simtcl 6-16] Simulation closed
exit
INFO: [Common 17-206] Exiting Vivado at Sat Nov 11 19:37:00 2023...
